<?xml version="1.0" encoding="UTF-8"?>
<testng-results ignored="0" total="1" passed="1" failed="0" skipped="0">
  <reporter-output>
  </reporter-output>
  <suite started-at="2024-06-21T09:32:03 PDT" name="Default suite" finished-at="2024-06-21T09:32:06 PDT" duration-ms="2992">
    <groups>
    </groups>
    <test started-at="2024-06-21T09:32:03 PDT" name="Default test" finished-at="2024-06-21T09:32:06 PDT" duration-ms="2992">
      <class name="finalTest.UpdateTheResources">
        <test-method signature="verifyLisyUserTest()[pri:0, instance:finalTest.UpdateTheResources@6392827e]" started-at="2024-06-21T09:32:03 PDT" name="verifyLisyUserTest" finished-at="2024-06-21T09:32:06 PDT" duration-ms="2949" status="PASS">
          <reporter-output>
          </reporter-output>
        </test-method> <!-- verifyLisyUserTest -->
      </class> <!-- finalTest.UpdateTheResources -->
    </test> <!-- Default test -->
  </suite> <!-- Default suite -->
</testng-results>
